c:\users\jorge-programar\onedrive\p3d-master\bin\x64\debug\intermediates\vc140.pdb
c:\users\jorge-programar\onedrive\p3d-master\bin\x64\debug\intermediates\vc140.idb
c:\users\jorge-programar\onedrive\p3d-master\bin\x64\debug\intermediates\movement.obj
c:\users\jorge-programar\onedrive\p3d-master\bin\x64\debug\intermediates\displaylist.obj
c:\users\jorge-programar\onedrive\p3d-master\bin\x64\debug\intermediates\object.obj
c:\users\jorge-programar\onedrive\p3d-master\bin\x64\debug\intermediates\glm.obj
c:\users\jorge-programar\onedrive\p3d-master\bin\x64\debug\intermediates\rendertext.obj
c:\users\jorge-programar\onedrive\p3d-master\bin\x64\debug\intermediates\imageloader.obj
c:\users\jorge-programar\onedrive\p3d-master\bin\x64\debug\intermediates\snowman.obj
c:\users\jorge-programar\onedrive\p3d-master\bin\x64\debug\intermediates\axis.obj
c:\users\jorge-programar\onedrive\p3d-master\bin\x64\debug\intermediates\game.obj
c:\users\jorge-programar\onedrive\p3d-master\bin\x64\debug\intermediates\main.obj
c:\users\jorge-programar\onedrive\p3d-master\bin\x64\debug\intermediates\terrain.obj
c:\users\jorge-programar\onedrive\p3d-master\bin\x64\debug\p3d.ilk
c:\users\jorge-programar\onedrive\p3d-master\bin\x64\debug\p3d.exe
c:\users\jorge-programar\onedrive\p3d-master\bin\x64\debug\p3d.pdb
c:\users\jorge-programar\onedrive\p3d-master\bin\x64\debug\intermediates\p3d.tlog\cl.command.1.tlog
c:\users\jorge-programar\onedrive\p3d-master\bin\x64\debug\intermediates\p3d.tlog\cl.read.1.tlog
c:\users\jorge-programar\onedrive\p3d-master\bin\x64\debug\intermediates\p3d.tlog\cl.write.1.tlog
c:\users\jorge-programar\onedrive\p3d-master\bin\x64\debug\intermediates\p3d.tlog\link.command.1.tlog
c:\users\jorge-programar\onedrive\p3d-master\bin\x64\debug\intermediates\p3d.tlog\link.read.1.tlog
c:\users\jorge-programar\onedrive\p3d-master\bin\x64\debug\intermediates\p3d.tlog\link.write.1.tlog
