  Game.cpp
c:\users\decapod\documents\github\p3dglut\src\vars\mathhelper.h(89): warning C4244: 'return': conversion from 'double' to 'float', possible loss of data
c:\users\decapod\documents\github\p3dglut\src\vars\mathhelper.h(94): warning C4244: 'return': conversion from 'double' to 'float', possible loss of data
c:\users\decapod\documents\github\p3dglut\src\misc\rendertext.h(17): warning C4200: nonstandard extension used: zero-sized array in struct/union
  c:\users\decapod\documents\github\p3dglut\src\misc\rendertext.h(17): note: Cannot generate copy-ctor or copy-assignment operator when UDT contains a zero-sized array
c:\users\decapod\documents\github\p3dglut\src\misc\physics\movement.h(33): warning C4305: 'argument': truncation from 'double' to 'float'
c:\users\decapod\documents\github\p3dglut\src\main\game.cpp(5): warning C4005: '_CRT_SECURE_NO_WARNINGS': macro redefinition
  c:\users\decapod\documents\github\p3dglut\src\main\game.cpp(5): note: command-line arguments:  see previous definition of '_CRT_SECURE_NO_WARNINGS'
c:\users\decapod\documents\github\p3dglut\src\main\game.cpp(11): warning C4311: 'reinterpret_cast': pointer truncation from 'void *' to 'int'
c:\users\decapod\documents\github\p3dglut\src\main\game.cpp(11): warning C4302: 'reinterpret_cast': truncation from 'void *' to 'int'
c:\users\decapod\documents\github\p3dglut\src\main\game.cpp(37): warning C4838: conversion from 'double' to 'float' requires a narrowing conversion
c:\users\decapod\documents\github\p3dglut\src\main\game.cpp(37): warning C4305: 'initializing': truncation from 'double' to 'float'
c:\users\decapod\documents\github\p3dglut\src\main\game.cpp(48): warning C4838: conversion from 'double' to 'GLfloat' requires a narrowing conversion
c:\users\decapod\documents\github\p3dglut\src\main\game.cpp(48): warning C4305: 'initializing': truncation from 'double' to 'GLfloat'
c:\users\decapod\documents\github\p3dglut\src\main\game.cpp(74): warning C4244: '=': conversion from 'int' to 'float', possible loss of data
c:\users\decapod\documents\github\p3dglut\src\main\game.cpp(75): warning C4244: '=': conversion from 'int' to 'float', possible loss of data
c:\users\decapod\documents\github\p3dglut\src\main\game.cpp(95): warning C4244: 'argument': conversion from 'int' to 'float', possible loss of data
c:\users\decapod\documents\github\p3dglut\src\main\game.cpp(96): warning C4244: 'argument': conversion from 'int' to 'float', possible loss of data
c:\users\decapod\documents\github\p3dglut\src\main\game.cpp(98): warning C4244: 'argument': conversion from 'int' to 'float', possible loss of data
c:\users\decapod\documents\github\p3dglut\src\main\game.cpp(99): warning C4244: 'argument': conversion from 'int' to 'float', possible loss of data
c:\users\decapod\documents\github\p3dglut\src\main\game.cpp(120): warning C4244: '=': conversion from 'double' to 'float', possible loss of data
c:\users\decapod\documents\github\p3dglut\src\main\game.cpp(141): warning C4244: 'argument': conversion from 'float' to 'GLsizei', possible loss of data
c:\users\decapod\documents\github\p3dglut\src\main\game.cpp(149): warning C4067: unexpected tokens following preprocessor directive - expected a newline
c:\users\decapod\documents\github\p3dglut\src\main\game.cpp(152): warning C4067: unexpected tokens following preprocessor directive - expected a newline
c:\users\decapod\documents\github\p3dglut\src\main\game.cpp(156): warning C4067: unexpected tokens following preprocessor directive - expected a newline
c:\users\decapod\documents\github\p3dglut\src\main\game.cpp(162): warning C4244: '=': conversion from 'float' to 'int', possible loss of data
c:\users\decapod\documents\github\p3dglut\src\main\game.cpp(163): warning C4244: '=': conversion from 'float' to 'int', possible loss of data
  P3D.vcxproj -> C:\Users\DecaPod\Documents\GitHub\P3Dglut\bin\x64\Debug\P3D.exe
